<?xml version="1.0" encoding="UTF-8"?>
<testsuite name="org.ait.dogservices.apitests.kennels.AddKennelTests" tests="1" skipped="0" failures="1" errors="0" timestamp="2023-11-17T18:51:18" hostname="NATA-BOD" time="1.162">
  <properties/>
  <testcase name="addNewKennelWithInvalidPhoneTest" classname="org.ait.dogservices.apitests.kennels.AddKennelTests" time="1.162">
    <failure message="java.lang.AssertionError: 1 expectation failed.&#10;Expected status code &lt;400&gt; but was &lt;201&gt;.&#10;" type="java.lang.AssertionError">java.lang.AssertionError: 1 expectation failed.
Expected status code &lt;400&gt; but was &lt;201&gt;.

	at java.base/jdk.internal.reflect.NativeConstructorAccessorImpl.newInstance0(Native Method)
	at java.base/jdk.internal.reflect.NativeConstructorAccessorImpl.newInstance(NativeConstructorAccessorImpl.java:77)
	at java.base/jdk.internal.reflect.DelegatingConstructorAccessorImpl.newInstance(DelegatingConstructorAccessorImpl.java:45)
	at java.base/java.lang.reflect.Constructor.newInstanceWithCaller(Constructor.java:499)
	at java.base/java.lang.reflect.Constructor.newInstance(Constructor.java:480)
	at org.codehaus.groovy.reflection.CachedConstructor.invoke(CachedConstructor.java:73)
	at org.codehaus.groovy.runtime.callsite.ConstructorSite$ConstructorSiteNoUnwrapNoCoerce.callConstructor(ConstructorSite.java:108)
	at org.codehaus.groovy.runtime.callsite.CallSiteArray.defaultCallConstructor(CallSiteArray.java:57)
	at org.codehaus.groovy.runtime.callsite.AbstractCallSite.callConstructor(AbstractCallSite.java:263)
	at org.codehaus.groovy.runtime.callsite.AbstractCallSite.callConstructor(AbstractCallSite.java:277)
	at io.restassured.internal.ResponseSpecificationImpl$HamcrestAssertionClosure.validate(ResponseSpecificationImpl.groovy:512)
	at io.restassured.internal.ResponseSpecificationImpl$HamcrestAssertionClosure$validate$1.call(Unknown Source)
	at org.codehaus.groovy.runtime.callsite.CallSiteArray.defaultCall(CallSiteArray.java:45)
	at org.codehaus.groovy.runtime.callsite.AbstractCallSite.call(AbstractCallSite.java:125)
	at org.codehaus.groovy.runtime.callsite.AbstractCallSite.call(AbstractCallSite.java:139)
	at io.restassured.internal.ResponseSpecificationImpl.validateResponseIfRequired(ResponseSpecificationImpl.groovy:696)
	at io.restassured.internal.ResponseSpecificationImpl.this$2$validateResponseIfRequired(ResponseSpecificationImpl.groovy)
	at java.base/jdk.internal.reflect.NativeMethodAccessorImpl.invoke0(Native Method)
	at java.base/jdk.internal.reflect.NativeMethodAccessorImpl.invoke(NativeMethodAccessorImpl.java:77)
	at java.base/jdk.internal.reflect.DelegatingMethodAccessorImpl.invoke(DelegatingMethodAccessorImpl.java:43)
	at java.base/java.lang.reflect.Method.invoke(Method.java:568)
	at org.codehaus.groovy.runtime.callsite.PlainObjectMetaMethodSite.doInvoke(PlainObjectMetaMethodSite.java:43)
	at org.codehaus.groovy.runtime.callsite.PogoMetaMethodSite$PogoCachedMethodSiteNoUnwrapNoCoerce.invoke(PogoMetaMethodSite.java:198)
	at org.codehaus.groovy.runtime.callsite.PogoMetaMethodSite.callCurrent(PogoMetaMethodSite.java:62)
	at org.codehaus.groovy.runtime.callsite.CallSiteArray.defaultCallCurrent(CallSiteArray.java:49)
	at org.codehaus.groovy.runtime.callsite.AbstractCallSite.callCurrent(AbstractCallSite.java:171)
	at org.codehaus.groovy.runtime.callsite.AbstractCallSite.callCurrent(AbstractCallSite.java:185)
	at io.restassured.internal.ResponseSpecificationImpl.statusCode(ResponseSpecificationImpl.groovy:135)
	at io.restassured.specification.ResponseSpecification$statusCode$0.callCurrent(Unknown Source)
	at org.codehaus.groovy.runtime.callsite.CallSiteArray.defaultCallCurrent(CallSiteArray.java:49)
	at org.codehaus.groovy.runtime.callsite.AbstractCallSite.callCurrent(AbstractCallSite.java:171)
	at org.codehaus.groovy.runtime.callsite.AbstractCallSite.callCurrent(AbstractCallSite.java:185)
	at io.restassured.internal.ResponseSpecificationImpl.statusCode(ResponseSpecificationImpl.groovy:143)
	at io.restassured.internal.ValidatableResponseOptionsImpl.statusCode(ValidatableResponseOptionsImpl.java:89)
	at org.ait.dogservices.apitests.kennels.AddKennelTests.addNewKennelWithInvalidPhoneTest(AddKennelTests.java:89)
	at java.base/jdk.internal.reflect.NativeMethodAccessorImpl.invoke0(Native Method)
	at java.base/jdk.internal.reflect.NativeMethodAccessorImpl.invoke(NativeMethodAccessorImpl.java:77)
	at java.base/jdk.internal.reflect.DelegatingMethodAccessorImpl.invoke(DelegatingMethodAccessorImpl.java:43)
	at java.base/java.lang.reflect.Method.invoke(Method.java:568)
	at org.testng.internal.invokers.MethodInvocationHelper.invokeMethod(MethodInvocationHelper.java:139)
	at org.testng.internal.invokers.TestInvoker.invokeMethod(TestInvoker.java:664)
	at org.testng.internal.invokers.TestInvoker.invokeTestMethod(TestInvoker.java:227)
	at org.testng.internal.invokers.MethodRunner.runInSequence(MethodRunner.java:50)
	at org.testng.internal.invokers.TestInvoker$MethodInvocationAgent.invoke(TestInvoker.java:957)
	at org.testng.internal.invokers.TestInvoker.invokeTestMethods(TestInvoker.java:200)
	at org.testng.internal.invokers.TestMethodWorker.invokeTestMethods(TestMethodWorker.java:148)
	at org.testng.internal.invokers.TestMethodWorker.run(TestMethodWorker.java:128)
	at java.base/java.util.ArrayList.forEach(ArrayList.java:1511)
	at org.testng.TestRunner.privateRun(TestRunner.java:848)
	at org.testng.TestRunner.run(TestRunner.java:621)
	at org.testng.SuiteRunner.runTest(SuiteRunner.java:443)
	at org.testng.SuiteRunner.runSequentially(SuiteRunner.java:437)
	at org.testng.SuiteRunner.privateRun(SuiteRunner.java:397)
	at org.testng.SuiteRunner.run(SuiteRunner.java:336)
	at org.testng.SuiteRunnerWorker.runSuite(SuiteRunnerWorker.java:52)
	at org.testng.SuiteRunnerWorker.run(SuiteRunnerWorker.java:95)
	at org.testng.TestNG.runSuitesSequentially(TestNG.java:1280)
	at org.testng.TestNG.runSuitesLocally(TestNG.java:1200)
	at org.testng.TestNG.runSuites(TestNG.java:1114)
	at org.testng.TestNG.run(TestNG.java:1082)
	at org.gradle.api.internal.tasks.testing.testng.TestNGTestClassProcessor.runTests(TestNGTestClassProcessor.java:146)
	at org.gradle.api.internal.tasks.testing.testng.TestNGTestClassProcessor.stop(TestNGTestClassProcessor.java:91)
	at org.gradle.api.internal.tasks.testing.SuiteTestClassProcessor.stop(SuiteTestClassProcessor.java:61)
	at java.base/jdk.internal.reflect.NativeMethodAccessorImpl.invoke0(Native Method)
	at java.base/jdk.internal.reflect.NativeMethodAccessorImpl.invoke(NativeMethodAccessorImpl.java:77)
	at java.base/jdk.internal.reflect.DelegatingMethodAccessorImpl.invoke(DelegatingMethodAccessorImpl.java:43)
	at java.base/java.lang.reflect.Method.invoke(Method.java:568)
	at org.gradle.internal.dispatch.ReflectionDispatch.dispatch(ReflectionDispatch.java:36)
	at org.gradle.internal.dispatch.ReflectionDispatch.dispatch(ReflectionDispatch.java:24)
	at org.gradle.internal.dispatch.ContextClassLoaderDispatch.dispatch(ContextClassLoaderDispatch.java:33)
	at org.gradle.internal.dispatch.ProxyDispatchAdapter$DispatchingInvocationHandler.invoke(ProxyDispatchAdapter.java:94)
	at jdk.proxy1/jdk.proxy1.$Proxy2.stop(Unknown Source)
	at org.gradle.api.internal.tasks.testing.worker.TestWorker$3.run(TestWorker.java:193)
	at org.gradle.api.internal.tasks.testing.worker.TestWorker.executeAndMaintainThreadName(TestWorker.java:129)
	at org.gradle.api.internal.tasks.testing.worker.TestWorker.execute(TestWorker.java:100)
	at org.gradle.api.internal.tasks.testing.worker.TestWorker.execute(TestWorker.java:60)
	at org.gradle.process.internal.worker.child.ActionExecutionWorker.execute(ActionExecutionWorker.java:56)
	at org.gradle.process.internal.worker.child.SystemApplicationClassLoaderWorker.call(SystemApplicationClassLoaderWorker.java:133)
	at org.gradle.process.internal.worker.child.SystemApplicationClassLoaderWorker.call(SystemApplicationClassLoaderWorker.java:71)
	at worker.org.gradle.process.internal.worker.GradleWorkerMain.run(GradleWorkerMain.java:69)
	at worker.org.gradle.process.internal.worker.GradleWorkerMain.main(GradleWorkerMain.java:74)
</failure>
  </testcase>
  <system-out><![CDATA[19:51:19.268 [Test worker] DEBUG org.apache.http.impl.conn.BasicClientConnectionManager -- Get connection for route {s}->https://hunde24.online:443
19:51:19.456 [Test worker] DEBUG org.apache.http.impl.conn.DefaultClientConnectionOperator -- Connecting to hunde24.online:443
19:51:19.637 [Test worker] DEBUG org.apache.http.client.protocol.RequestAddCookies -- CookieSpec selected: ignoreCookies
19:51:19.639 [Test worker] DEBUG org.apache.http.client.protocol.RequestAuthCache -- Auth cache not set in the context
19:51:19.639 [Test worker] DEBUG org.apache.http.client.protocol.RequestTargetAuthentication -- Target auth state: UNCHALLENGED
19:51:19.640 [Test worker] DEBUG org.apache.http.client.protocol.RequestProxyAuthentication -- Proxy auth state: UNCHALLENGED
19:51:19.640 [Test worker] DEBUG org.apache.http.impl.client.DefaultHttpClient -- Attempt 1 to execute request
19:51:19.640 [Test worker] DEBUG org.apache.http.impl.conn.DefaultClientConnection -- Sending request: POST /api/kennels HTTP/1.1
19:51:19.640 [Test worker] DEBUG org.apache.http.wire --  >> "POST /api/kennels HTTP/1.1[\r][\n]"
19:51:19.641 [Test worker] DEBUG org.apache.http.wire --  >> "Accept: */*[\r][\n]"
19:51:19.641 [Test worker] DEBUG org.apache.http.wire --  >> "Content-Type: application/json[\r][\n]"
19:51:19.641 [Test worker] DEBUG org.apache.http.wire --  >> "Content-Length: 227[\r][\n]"
19:51:19.642 [Test worker] DEBUG org.apache.http.wire --  >> "Host: hunde24.online[\r][\n]"
19:51:19.642 [Test worker] DEBUG org.apache.http.wire --  >> "Connection: Keep-Alive[\r][\n]"
19:51:19.642 [Test worker] DEBUG org.apache.http.wire --  >> "User-Agent: Apache-HttpClient/4.5.13 (Java/17.0.9)[\r][\n]"
19:51:19.642 [Test worker] DEBUG org.apache.http.wire --  >> "Accept-Encoding: gzip,deflate[\r][\n]"
19:51:19.642 [Test worker] DEBUG org.apache.http.wire --  >> "[\r][\n]"
19:51:19.642 [Test worker] DEBUG org.apache.http.headers -- >> POST /api/kennels HTTP/1.1
19:51:19.642 [Test worker] DEBUG org.apache.http.headers -- >> Accept: */*
19:51:19.642 [Test worker] DEBUG org.apache.http.headers -- >> Content-Type: application/json
19:51:19.642 [Test worker] DEBUG org.apache.http.headers -- >> Content-Length: 227
19:51:19.643 [Test worker] DEBUG org.apache.http.headers -- >> Host: hunde24.online
19:51:19.643 [Test worker] DEBUG org.apache.http.headers -- >> Connection: Keep-Alive
19:51:19.643 [Test worker] DEBUG org.apache.http.headers -- >> User-Agent: Apache-HttpClient/4.5.13 (Java/17.0.9)
19:51:19.643 [Test worker] DEBUG org.apache.http.headers -- >> Accept-Encoding: gzip,deflate
19:51:19.643 [Test worker] DEBUG org.apache.http.wire --  >> "{"id":0,"name":"Hunde kennel","description":"Kennel for small and big dogs","webSite":"https://kennel-hunde.de","country":"Germany","kennelCity":"Berlin","postCode":"01611","address":"Pragstrasse 7","telephoneNumber":"491721!"}"
19:51:19.708 [Test worker] DEBUG org.apache.http.wire --  << "HTTP/1.1 201 Created[\r][\n]"
19:51:19.709 [Test worker] DEBUG org.apache.http.wire --  << "Date: Fri, 17 Nov 2023 18:51:19 GMT[\r][\n]"
19:51:19.709 [Test worker] DEBUG org.apache.http.wire --  << "Content-Type: application/json[\r][\n]"
19:51:19.709 [Test worker] DEBUG org.apache.http.wire --  << "Transfer-Encoding: chunked[\r][\n]"
19:51:19.709 [Test worker] DEBUG org.apache.http.wire --  << "Connection: keep-alive[\r][\n]"
19:51:19.710 [Test worker] DEBUG org.apache.http.wire --  << "vary: Origin,Access-Control-Request-Method,Access-Control-Request-Headers[\r][\n]"
19:51:19.710 [Test worker] DEBUG org.apache.http.wire --  << "x-content-type-options: nosniff[\r][\n]"
19:51:19.710 [Test worker] DEBUG org.apache.http.wire --  << "x-xss-protection: 1; mode=block[\r][\n]"
19:51:19.710 [Test worker] DEBUG org.apache.http.wire --  << "cache-control: no-cache, no-store, max-age=0, must-revalidate[\r][\n]"
19:51:19.710 [Test worker] DEBUG org.apache.http.wire --  << "pragma: no-cache[\r][\n]"
19:51:19.710 [Test worker] DEBUG org.apache.http.wire --  << "expires: 0[\r][\n]"
19:51:19.710 [Test worker] DEBUG org.apache.http.wire --  << "strict-transport-security: max-age=31536000 ; includeSubDomains[\r][\n]"
19:51:19.710 [Test worker] DEBUG org.apache.http.wire --  << "x-do-app-origin: 07c12a7f-3d06-4134-a066-21a4378cc2fb[\r][\n]"
19:51:19.710 [Test worker] DEBUG org.apache.http.wire --  << "x-do-orig-status: 201[\r][\n]"
19:51:19.710 [Test worker] DEBUG org.apache.http.wire --  << "CF-Cache-Status: DYNAMIC[\r][\n]"
19:51:19.710 [Test worker] DEBUG org.apache.http.wire --  << "Set-Cookie: __cf_bm=Q6EgWwF3FAEjpTjyMWYLOh65cAis.Br11HwLbrCuUGY-1700247079-0-AXzN7+C6NsUcLjI4osR7DGuxKfRxLUIhn5lUvT7Zac8P6iVT9EgeSR6q7ulj62EDNNoOBsg6cdApI/cFi2ANc24=; path=/; expires=Fri, 17-Nov-23 19:21:19 GMT; domain=.hunde24.online; HttpOnly; Secure; SameSite=None[\r][\n]"
19:51:19.710 [Test worker] DEBUG org.apache.http.wire --  << "Server: cloudflare[\r][\n]"
19:51:19.710 [Test worker] DEBUG org.apache.http.wire --  << "CF-RAY: 827a2a192f939baa-FRA[\r][\n]"
19:51:19.710 [Test worker] DEBUG org.apache.http.wire --  << "[\r][\n]"
19:51:19.711 [Test worker] DEBUG org.apache.http.impl.conn.DefaultClientConnection -- Receiving response: HTTP/1.1 201 Created
19:51:19.711 [Test worker] DEBUG org.apache.http.headers -- << HTTP/1.1 201 Created
19:51:19.711 [Test worker] DEBUG org.apache.http.headers -- << Date: Fri, 17 Nov 2023 18:51:19 GMT
19:51:19.711 [Test worker] DEBUG org.apache.http.headers -- << Content-Type: application/json
19:51:19.712 [Test worker] DEBUG org.apache.http.headers -- << Transfer-Encoding: chunked
19:51:19.712 [Test worker] DEBUG org.apache.http.headers -- << Connection: keep-alive
19:51:19.712 [Test worker] DEBUG org.apache.http.headers -- << vary: Origin,Access-Control-Request-Method,Access-Control-Request-Headers
19:51:19.712 [Test worker] DEBUG org.apache.http.headers -- << x-content-type-options: nosniff
19:51:19.712 [Test worker] DEBUG org.apache.http.headers -- << x-xss-protection: 1; mode=block
19:51:19.712 [Test worker] DEBUG org.apache.http.headers -- << cache-control: no-cache, no-store, max-age=0, must-revalidate
19:51:19.712 [Test worker] DEBUG org.apache.http.headers -- << pragma: no-cache
19:51:19.712 [Test worker] DEBUG org.apache.http.headers -- << expires: 0
19:51:19.712 [Test worker] DEBUG org.apache.http.headers -- << strict-transport-security: max-age=31536000 ; includeSubDomains
19:51:19.712 [Test worker] DEBUG org.apache.http.headers -- << x-do-app-origin: 07c12a7f-3d06-4134-a066-21a4378cc2fb
19:51:19.712 [Test worker] DEBUG org.apache.http.headers -- << x-do-orig-status: 201
19:51:19.712 [Test worker] DEBUG org.apache.http.headers -- << CF-Cache-Status: DYNAMIC
19:51:19.712 [Test worker] DEBUG org.apache.http.headers -- << Set-Cookie: __cf_bm=Q6EgWwF3FAEjpTjyMWYLOh65cAis.Br11HwLbrCuUGY-1700247079-0-AXzN7+C6NsUcLjI4osR7DGuxKfRxLUIhn5lUvT7Zac8P6iVT9EgeSR6q7ulj62EDNNoOBsg6cdApI/cFi2ANc24=; path=/; expires=Fri, 17-Nov-23 19:21:19 GMT; domain=.hunde24.online; HttpOnly; Secure; SameSite=None
19:51:19.712 [Test worker] DEBUG org.apache.http.headers -- << Server: cloudflare
19:51:19.712 [Test worker] DEBUG org.apache.http.headers -- << CF-RAY: 827a2a192f939baa-FRA
19:51:19.716 [Test worker] DEBUG org.apache.http.impl.client.DefaultHttpClient -- Connection can be kept alive indefinitely
19:51:19.721 [Test worker] DEBUG io.restassured.internal.RestAssuredHttpBuilder -- Parsing response as: application/json
19:51:19.722 [Test worker] DEBUG io.restassured.internal.RestAssuredHttpBuilder -- Parsed data to instance of: class org.apache.http.conn.EofSensorInputStream
]]></system-out>
  <system-err><![CDATA[]]></system-err>
</testsuite>
