<?xml version="1.0" encoding="UTF-8"?>
<testsuite name="org.ait.dogservices.mobtests.RegistrationTestMob" tests="1" skipped="0" failures="1" errors="0" timestamp="2023-11-22T18:20:20" hostname="NATA-BOD" time="51.294">
  <properties/>
  <testcase name="registrationDogLoverPositiveTest" classname="org.ait.dogservices.mobtests.RegistrationTestMob" time="51.294">
    <failure message="org.openqa.selenium.TimeoutException: Expected condition failed: waiting for presence of element located by: By.xpath: //input[@id='password-repeat-input'] (tried for 10 second(s) with 500 milliseconds interval)" type="org.openqa.selenium.TimeoutException">org.openqa.selenium.TimeoutException: Expected condition failed: waiting for presence of element located by: By.xpath: //input[@id='password-repeat-input'] (tried for 10 second(s) with 500 milliseconds interval)
	at app//org.openqa.selenium.support.ui.WebDriverWait.timeoutException(WebDriverWait.java:95)
	at app//org.openqa.selenium.support.ui.FluentWait.until(FluentWait.java:272)
	at app//org.ait.dogservices.mob.BaseHelper.waitForElementAndTap(BaseHelper.java:85)
	at app//org.ait.dogservices.mob.BaseHelper.type(BaseHelper.java:31)
	at app//org.ait.dogservices.mob.HomePageHelper.fillRegistrationForm(HomePageHelper.java:92)
	at app//org.ait.dogservices.mobtests.RegistrationTestMob.registrationDogLoverPositiveTest(RegistrationTestMob.java:25)
	at java.base@17.0.9/jdk.internal.reflect.NativeMethodAccessorImpl.invoke0(Native Method)
	at java.base@17.0.9/jdk.internal.reflect.NativeMethodAccessorImpl.invoke(NativeMethodAccessorImpl.java:77)
	at java.base@17.0.9/jdk.internal.reflect.DelegatingMethodAccessorImpl.invoke(DelegatingMethodAccessorImpl.java:43)
	at java.base@17.0.9/java.lang.reflect.Method.invoke(Method.java:568)
	at app//org.testng.internal.invokers.MethodInvocationHelper.invokeMethod(MethodInvocationHelper.java:139)
	at app//org.testng.internal.invokers.TestInvoker.invokeMethod(TestInvoker.java:664)
	at app//org.testng.internal.invokers.TestInvoker.invokeTestMethod(TestInvoker.java:227)
	at app//org.testng.internal.invokers.MethodRunner.runInSequence(MethodRunner.java:50)
	at app//org.testng.internal.invokers.TestInvoker$MethodInvocationAgent.invoke(TestInvoker.java:957)
	at app//org.testng.internal.invokers.TestInvoker.invokeTestMethods(TestInvoker.java:200)
	at app//org.testng.internal.invokers.TestMethodWorker.invokeTestMethods(TestMethodWorker.java:148)
	at app//org.testng.internal.invokers.TestMethodWorker.run(TestMethodWorker.java:128)
	at java.base@17.0.9/java.util.ArrayList.forEach(ArrayList.java:1511)
	at app//org.testng.TestRunner.privateRun(TestRunner.java:848)
	at app//org.testng.TestRunner.run(TestRunner.java:621)
	at app//org.testng.SuiteRunner.runTest(SuiteRunner.java:443)
	at app//org.testng.SuiteRunner.runSequentially(SuiteRunner.java:437)
	at app//org.testng.SuiteRunner.privateRun(SuiteRunner.java:397)
	at app//org.testng.SuiteRunner.run(SuiteRunner.java:336)
	at app//org.testng.SuiteRunnerWorker.runSuite(SuiteRunnerWorker.java:52)
	at app//org.testng.SuiteRunnerWorker.run(SuiteRunnerWorker.java:95)
	at app//org.testng.TestNG.runSuitesSequentially(TestNG.java:1280)
	at app//org.testng.TestNG.runSuitesLocally(TestNG.java:1200)
	at app//org.testng.TestNG.runSuites(TestNG.java:1114)
	at app//org.testng.TestNG.run(TestNG.java:1082)
	at org.gradle.api.internal.tasks.testing.testng.TestNGTestClassProcessor.runTests(TestNGTestClassProcessor.java:146)
	at org.gradle.api.internal.tasks.testing.testng.TestNGTestClassProcessor.stop(TestNGTestClassProcessor.java:91)
	at org.gradle.api.internal.tasks.testing.SuiteTestClassProcessor.stop(SuiteTestClassProcessor.java:61)
	at java.base@17.0.9/jdk.internal.reflect.NativeMethodAccessorImpl.invoke0(Native Method)
	at java.base@17.0.9/jdk.internal.reflect.NativeMethodAccessorImpl.invoke(NativeMethodAccessorImpl.java:77)
	at java.base@17.0.9/jdk.internal.reflect.DelegatingMethodAccessorImpl.invoke(DelegatingMethodAccessorImpl.java:43)
	at java.base@17.0.9/java.lang.reflect.Method.invoke(Method.java:568)
	at org.gradle.internal.dispatch.ReflectionDispatch.dispatch(ReflectionDispatch.java:36)
	at org.gradle.internal.dispatch.ReflectionDispatch.dispatch(ReflectionDispatch.java:24)
	at org.gradle.internal.dispatch.ContextClassLoaderDispatch.dispatch(ContextClassLoaderDispatch.java:33)
	at org.gradle.internal.dispatch.ProxyDispatchAdapter$DispatchingInvocationHandler.invoke(ProxyDispatchAdapter.java:94)
	at jdk.proxy1/jdk.proxy1.$Proxy2.stop(Unknown Source)
	at org.gradle.api.internal.tasks.testing.worker.TestWorker$3.run(TestWorker.java:193)
	at org.gradle.api.internal.tasks.testing.worker.TestWorker.executeAndMaintainThreadName(TestWorker.java:129)
	at org.gradle.api.internal.tasks.testing.worker.TestWorker.execute(TestWorker.java:100)
	at org.gradle.api.internal.tasks.testing.worker.TestWorker.execute(TestWorker.java:60)
	at org.gradle.process.internal.worker.child.ActionExecutionWorker.execute(ActionExecutionWorker.java:56)
	at org.gradle.process.internal.worker.child.SystemApplicationClassLoaderWorker.call(SystemApplicationClassLoaderWorker.java:133)
	at org.gradle.process.internal.worker.child.SystemApplicationClassLoaderWorker.call(SystemApplicationClassLoaderWorker.java:71)
	at app//worker.org.gradle.process.internal.worker.GradleWorkerMain.run(GradleWorkerMain.java:69)
	at app//worker.org.gradle.process.internal.worker.GradleWorkerMain.main(GradleWorkerMain.java:74)
Caused by: org.openqa.selenium.NoSuchElementException: no such element: Unable to locate element: {&quot;method&quot;:&quot;xpath&quot;,&quot;selector&quot;:&quot;//input[@id='password-repeat-input']&quot;}
  (Session info: chrome=119.0.6045.163)
  (Driver info: chromedriver=119.0.6045.105 (38c72552c5e15ba9b3117c0967a0fd105072d7c6-refs/branch-heads/6045@{#1103}),platform=Windows NT 10.0.22621 x86_64)
For documentation on this error, please visit: https://www.seleniumhq.org/exceptions/no_such_element.html
Build info: version: '3.141.59', revision: 'e82be7d358', time: '2018-11-14T08:17:03'
System info: host: 'NATA-BOD', ip: '192.168.178.140', os.name: 'Windows 11', os.arch: 'amd64', os.version: '10.0', java.version: '17.0.9'
Driver info: io.appium.java_client.android.AndroidDriver
Capabilities {appActivity: com.google.android.apps.chr..., appPackage: com.android.chrome, automationName: Appium, browserName: chrome, databaseEnabled: false, desired: {automationName: Appium, browserName: chrome, deviceName: 19273c29, goog:chromeOptions: {args: [], extensions: [], w3c: false}, platformName: android, platformVersion: 11.0}, deviceApiLevel: 30, deviceManufacturer: Xiaomi, deviceModel: Redmi Note 8T, deviceName: 19273c29, deviceScreenDensity: 440, deviceScreenSize: 1080x2340, deviceUDID: 19273c29, goog:chromeOptions: {args: [], extensions: [], w3c: false}, javascriptEnabled: true, locationContextEnabled: false, networkConnectionEnabled: true, pixelRatio: 2.75, platform: LINUX, platformName: Android, platformVersion: 11, statBarHeight: 80, takesScreenshot: true, viewportRect: {height: 2050, left: 0, top: 80, width: 1080}, warnings: {}, webStorageEnabled: false}
Session ID: abdf8987-92e7-4454-a488-f4555c1206fc
*** Element info: {Using=xpath, value=//input[@id='password-repeat-input']}
	at java.base@17.0.9/jdk.internal.reflect.NativeConstructorAccessorImpl.newInstance0(Native Method)
	at java.base@17.0.9/jdk.internal.reflect.NativeConstructorAccessorImpl.newInstance(NativeConstructorAccessorImpl.java:77)
	at java.base@17.0.9/jdk.internal.reflect.DelegatingConstructorAccessorImpl.newInstance(DelegatingConstructorAccessorImpl.java:45)
	at java.base@17.0.9/java.lang.reflect.Constructor.newInstanceWithCaller(Constructor.java:499)
	at java.base@17.0.9/java.lang.reflect.Constructor.newInstance(Constructor.java:480)
	at app//org.openqa.selenium.remote.http.W3CHttpResponseCodec.createException(W3CHttpResponseCodec.java:187)
	at app//org.openqa.selenium.remote.http.W3CHttpResponseCodec.decode(W3CHttpResponseCodec.java:122)
	at app//org.openqa.selenium.remote.http.W3CHttpResponseCodec.decode(W3CHttpResponseCodec.java:49)
	at app//org.openqa.selenium.remote.HttpCommandExecutor.execute(HttpCommandExecutor.java:158)
	at app//io.appium.java_client.remote.AppiumCommandExecutor.execute(AppiumCommandExecutor.java:250)
	at app//org.openqa.selenium.remote.RemoteWebDriver.execute(RemoteWebDriver.java:552)
	at app//io.appium.java_client.DefaultGenericMobileDriver.execute(DefaultGenericMobileDriver.java:41)
	at app//io.appium.java_client.AppiumDriver.execute(AppiumDriver.java:1)
	at app//io.appium.java_client.android.AndroidDriver.execute(AndroidDriver.java:1)
	at app//org.openqa.selenium.remote.RemoteWebDriver.findElement(RemoteWebDriver.java:323)
	at app//io.appium.java_client.DefaultGenericMobileDriver.findElement(DefaultGenericMobileDriver.java:61)
	at app//io.appium.java_client.AppiumDriver.findElement(AppiumDriver.java:1)
	at app//io.appium.java_client.android.AndroidDriver.findElement(AndroidDriver.java:1)
	at app//org.openqa.selenium.remote.RemoteWebDriver.findElementByXPath(RemoteWebDriver.java:428)
	at app//io.appium.java_client.DefaultGenericMobileDriver.findElementByXPath(DefaultGenericMobileDriver.java:151)
	at app//io.appium.java_client.AppiumDriver.findElementByXPath(AppiumDriver.java:1)
	at app//io.appium.java_client.android.AndroidDriver.findElementByXPath(AndroidDriver.java:1)
	at app//org.openqa.selenium.By$ByXPath.findElement(By.java:353)
	at app//org.openqa.selenium.remote.RemoteWebDriver.findElement(RemoteWebDriver.java:315)
	at app//io.appium.java_client.DefaultGenericMobileDriver.findElement(DefaultGenericMobileDriver.java:57)
	at app//io.appium.java_client.AppiumDriver.findElement(AppiumDriver.java:1)
	at app//io.appium.java_client.android.AndroidDriver.findElement(AndroidDriver.java:1)
	at app//org.openqa.selenium.support.ui.ExpectedConditions$6.apply(ExpectedConditions.java:182)
	at app//org.openqa.selenium.support.ui.ExpectedConditions$6.apply(ExpectedConditions.java:179)
	at app//org.openqa.selenium.support.ui.FluentWait.until(FluentWait.java:249)
	... 50 more
</failure>
  </testcase>
  <system-out><![CDATA[19:20:20.346 [Test worker] INFO  o.a.dogservices.mobtests.TestBaseMob -- Start test registrationDogLoverPositiveTest with data: []
19:21:11.643 [Test worker] ERROR o.a.dogservices.mobtests.TestBaseMob -- FAILED: registrationDogLoverPositiveTest
19:21:11.644 [Test worker] INFO  o.a.dogservices.mobtests.TestBaseMob -- Stop test
19:21:11.644 [Test worker] ERROR o.a.dogservices.mobtests.TestBaseMob -- *********************************************
]]></system-out>
  <system-err><![CDATA[Nov. 22, 2023 7:20:19 PM io.appium.java_client.remote.AppiumCommandExecutor$1 lambda$0
INFORMATION: Detected dialect: W3C
]]></system-err>
</testsuite>
